<?xml version="1.0" encoding="UTF-8"?>
<!-- Generated by org.testng.reporters.JUnitXMLReporter -->
<testsuite hostname="mohit-PC" ignored="0" name="FirefoxBrowserTest" tests="3" failures="0" timestamp="20 Feb 2021 06:40:13 GMT" time="139.699" errors="0">
  <testcase name="fetchTheData" time="37.307" classname="Com.Test_Classes.MethodsAndTestsMultiThreading"/>
  <testcase name="homeButton" time="13.802" classname="Com.Test_Classes.MethodsAndTestsMultiThreading"/>
  <testcase name="top10Button" time="17.32" classname="Com.Test_Classes.MethodsAndTestsMultiThreading"/>
</testsuite> <!-- FirefoxBrowserTest -->
