<?xml version="1.0" encoding="UTF-8"?>
<!-- Generated by org.testng.reporters.JUnitXMLReporter -->
<testsuite hostname="mohit-PC" ignored="0" name="IEBrowserTest" tests="3" failures="0" timestamp="20 Feb 2021 06:39:58 GMT" time="123.554" errors="0">
  <testcase name="fetchTheData" time="20.831" classname="Com.Test_Classes.MethodsAndTestsMultiThreading"/>
  <testcase name="homeButton" time="39.747" classname="Com.Test_Classes.MethodsAndTestsMultiThreading"/>
  <testcase name="top10Button" time="46.177" classname="Com.Test_Classes.MethodsAndTestsMultiThreading"/>
</testsuite> <!-- IEBrowserTest -->
