<?xml version="1.0" encoding="UTF-8"?>
<!-- Generated by org.testng.reporters.JUnitXMLReporter -->
<testsuite hostname="A2ML32586" ignored="0" name="InternetExplorerBrowserTest" tests="2" failures="2" timestamp="20 Jan 2020 16:08:23 GMT" time="28.289" errors="0">
  <testcase name="orgatakeSrcImageCES" time="17.332" classname="Com.Test_Classes.Design_Pattern_Test">
    <failure type="java.lang.AssertionError" message="The following asserts failed:
	Launched Url is not same expected [https://peoplehub.mindtree.com/Pages/OrgCanvas.aspx] but found [https://peoplehub.mindtree.com/my.policy]">
      <![CDATA[java.lang.AssertionError: The following asserts failed:Launched Url is not same expected [https://peoplehub.mindtree.com/Pages/OrgCanvas.aspx] but found [https://peoplehub.mindtree.com/my.policy]at Com.Test_Classes.Design_Pattern_Test.orgatakeSrcImageCES(Design_Pattern_Test.java:108)... Removed 26 stack frames]]>
    </failure>
  </testcase> <!-- orgatakeSrcImageCES -->
  <testcase name="orgbImmersiveAurora" time="9.688" classname="Com.Test_Classes.Design_Pattern_Test">
    <failure type="java.lang.AssertionError" message="The following asserts failed:
	Launched Url is not same expected [https://peoplehub.mindtree.com/Pages/OrgCanvas.aspx] but found [https://peoplehub.mindtree.com/my.policy]">
      <![CDATA[java.lang.AssertionError: The following asserts failed:Launched Url is not same expected [https://peoplehub.mindtree.com/Pages/OrgCanvas.aspx] but found [https://peoplehub.mindtree.com/my.policy]at Com.Test_Classes.Design_Pattern_Test.orgbImmersiveAurora(Design_Pattern_Test.java:179)... Removed 26 stack frames]]>
    </failure>
  </testcase> <!-- orgbImmersiveAurora -->
</testsuite> <!-- InternetExplorerBrowserTest -->
