<?xml version="1.0" encoding="UTF-8"?>
<!-- Generated by org.testng.reporters.JUnitXMLReporter -->
<testsuite hostname="A2ML32586" ignored="0" name="ChromeBrowserTest" tests="5" failures="0" timestamp="08 Jan 2020 05:06:18 GMT" time="92.843" errors="0">
  <testcase name="getTheLocaleSpecificWebsite" time="45.786" classname="Com.Test_Classes.Localization_Test"/>
  <testcase name="getTheLocaleSpecificWebsite" time="12.592" classname="Com.Test_Classes.Localization_Test"/>
  <testcase name="getTheLocaleSpecificWebsite" time="11.599" classname="Com.Test_Classes.Localization_Test"/>
  <testcase name="getTheLocaleSpecificWebsite" time="9.035" classname="Com.Test_Classes.Localization_Test"/>
  <testcase name="getTheLocaleSpecificWebsite" time="12.731" classname="Com.Test_Classes.Localization_Test"/>
</testsuite> <!-- ChromeBrowserTest -->
