<?xml version="1.0" encoding="UTF-8"?>
<!-- Generated by org.testng.reporters.JUnitXMLReporter -->
<testsuite hostname="A2ML32586" ignored="0" name="IeBrowserTest" tests="2" failures="1" timestamp="07 Jan 2020 05:08:14 GMT" time="4.146" errors="0">
  <testcase name="@AfterTest closeTheDriverInstance" time="1.02" classname="Com.Test_Classes.Test_Class1">
    <failure type="java.lang.NullPointerException">
      <![CDATA[java.lang.NullPointerExceptionat Com.Test_Classes.Test_Class1.closeTheDriverInstance(Test_Class1.java:170)... Removed 24 stack frames]]>
    </failure>
  </testcase> <!-- @AfterTest closeTheDriverInstance -->
  <testcase name="orgatakeSrcImageCES" time="2.017" classname="Com.Test_Classes.Test_Class1">
    <failure type="java.lang.NullPointerException">
      <![CDATA[java.lang.NullPointerExceptionat Com.Page_Elements.PeopleHub_ORGPage.getTheCesElement(PeopleHub_ORGPage.java:27)at Com.Page_Elements.PeopleHub_ORGPage.getTheImageElement(PeopleHub_ORGPage.java:37)at Com.Test_Classes.Test_Class1.orgatakeSrcImageCES(Test_Class1.java:87)... Removed 25 stack frames]]>
    </failure>
  </testcase> <!-- orgatakeSrcImageCES -->
  <testcase name="orgbImmersiveAurora" time="1.079" classname="Com.Test_Classes.Test_Class1"/>
</testsuite> <!-- IeBrowserTest -->
